{"name": "test_unlocking_all_conclusions_after_cancel_selected", "status": "broken", "statusDetails": {"message": "selenium.common.exceptions.TimeoutException: Message: css selector : div.bg-no-active", "trace": "tests/test_do.py:115: in test_unlocking_all_conclusions_after_cancel_selected\n    assert main.verify_block_conclusions()\nblocks/main.py:222: in verify_block_conclusions\n    if (len(self.get_elements(self.LIST_ALL_CONCLUSIONS)) - 1) == len(self.get_elements(self.LIST_ALL_NO_ACTIVE_CONCLUSIONS)):\nblocks/base_page.py:38: in get_elements\n    ex_cond.visibility_of_any_elements_located(locator), ' : '.join(locator))\nvenv/lib/python3.7/site-packages/selenium/webdriver/support/wait.py:80: in until\n    raise TimeoutException(message, screen, stacktrace)\nE   selenium.common.exceptions.TimeoutException: Message: css selector : div.bg-no-active"}, "steps": [{"name": "Выделяется заявка номер: 7", "status": "passed", "parameters": [{"name": "number", "value": "7"}], "start": 1579868549620, "stop": 1579868550571}, {"name": "Поиск и добавление симптома: 'Тошнота'", "status": "passed", "parameters": [{"name": "symptom", "value": "'Тошнота'"}], "start": 1579868550571, "stop": 1579868552291}, {"name": "Поиск, добавление и подтверждение диагноза: 'Целиакия'", "status": "passed", "parameters": [{"name": "conclusion", "value": "'Целиакия'"}], "start": 1579868552292, "stop": 1579868554400}, {"name": "need text", "status": "broken", "statusDetails": {"message": "selenium.common.exceptions.TimeoutException: Message: css selector : div.bg-no-active\n\n", "trace": "  File \"/Users/eckoda/Desktop/DO_AT/venv/lib/python3.7/site-packages/allure_commons/_allure.py\", line 157, in impl\n    return func(*a, **kw)\n  File \"/Users/eckoda/Desktop/DO_AT/blocks/main.py\", line 222, in verify_block_conclusions\n    if (len(self.get_elements(self.LIST_ALL_CONCLUSIONS)) - 1) == len(self.get_elements(self.LIST_ALL_NO_ACTIVE_CONCLUSIONS)):\n  File \"/Users/eckoda/Desktop/DO_AT/blocks/base_page.py\", line 38, in get_elements\n    ex_cond.visibility_of_any_elements_located(locator), ' : '.join(locator))\n  File \"/Users/eckoda/Desktop/DO_AT/venv/lib/python3.7/site-packages/selenium/webdriver/support/wait.py\", line 80, in until\n    raise TimeoutException(message, screen, stacktrace)\n"}, "start": 1579868555750, "stop": 1579868563644}], "attachments": [{"name": "log", "source": "0b9731d6-f9ac-4943-ac2f-2d5bc3668cd0-attachment.txt", "type": "text/plain"}], "start": 1579868548139, "stop": 1579868563647, "uuid": "8e082a42-8030-4c65-8c7f-c0d9a6f6c05c", "historyId": "9a0dcb5bfbc37e7fc4a723f023d4e2ca", "testCaseId": "c4362fa085b9ecc3a7dce6c0c053243e", "fullName": "tests.test_do.TestUI#test_unlocking_all_conclusions_after_cancel_selected", "labels": [{"name": "tag", "value": "debug"}, {"name": "parentSuite", "value": "tests"}, {"name": "suite", "value": "test_do"}, {"name": "subSuite", "value": "TestUI"}, {"name": "host", "value": "iMac-1.local"}, {"name": "thread", "value": "28621-MainThread"}, {"name": "framework", "value": "pytest"}, {"name": "language", "value": "cpython3"}, {"name": "package", "value": "tests.test_do"}]}