{"name": "test_unlocking_all_conclusions_after_cancel_selected", "status": "broken", "statusDetails": {"message": "selenium.common.exceptions.TimeoutException: Message: css selector : #mat-input-0", "trace": "tests/conftest.py:15: in driver\n    login_page.login('930343159', u'укр')\nblocks/main.py:93: in login\n    self.send_keys(self.NUMBER_INPUT, value=number)\nblocks/base_page.py:47: in send_keys\n    ex_cond.element_to_be_clickable(locator), ' : '.join(locator)).send_keys(value)\nvenv/lib/python3.7/site-packages/selenium/webdriver/support/wait.py:80: in until\n    raise TimeoutException(message, screen, stacktrace)\nE   selenium.common.exceptions.TimeoutException: Message: css selector : #mat-input-0"}, "attachments": [{"name": "log", "source": "33d7776a-df1e-4ede-b77a-4401113f2009-attachment.txt", "type": "text/plain"}], "start": 1579867664023, "stop": 1579867664023, "uuid": "db26acbf-2517-4d7f-b78b-7e1844e506b7", "historyId": "9a0dcb5bfbc37e7fc4a723f023d4e2ca", "testCaseId": "c4362fa085b9ecc3a7dce6c0c053243e", "fullName": "tests.test_do.TestUI#test_unlocking_all_conclusions_after_cancel_selected", "labels": [{"name": "tag", "value": "debug"}, {"name": "parentSuite", "value": "tests"}, {"name": "suite", "value": "test_do"}, {"name": "subSuite", "value": "TestUI"}, {"name": "host", "value": "iMac-1.local"}, {"name": "thread", "value": "28358-MainThread"}, {"name": "framework", "value": "pytest"}, {"name": "language", "value": "cpython3"}, {"name": "package", "value": "tests.test_do"}]}